Build started 2015/12/10 11:49:37.
     1>Project "E:\workspace\trunk\v39_97_2\src\build\GCoder\GCoder.vcxproj" on node 2 (Rebuild target(s)).
     1>ClCompile:
         F:\Program Files (x86)\Microsoft Visual Studio 12.0\VC\bin\CL.exe /c /ZI /nologo /W3 /WX- /sdl /Od /Oy- /D _MBCS /Gm /EHsc /RTC1 /MDd /GS /fp:precise /Zc:wchar_t /Zc:forScope /Fo"Debug\\" /Fd"Debug\vc120.pdb" /Gd /TP /analyze- /errorReport:prompt FileParser.cpp main.cpp Util.cpp Value.cpp ValueFactory.cpp
         ValueFactory.cpp
         Value.cpp
         Util.cpp
         main.cpp
         FileParser.cpp
         Generating Code...
       Link:
         F:\Program Files (x86)\Microsoft Visual Studio 12.0\VC\bin\link.exe /ERRORREPORT:PROMPT /OUT:"E:\workspace\trunk\v39_97_2\src\build\Debug\GCoder.exe" /INCREMENTAL /NOLOGO kernel32.lib user32.lib gdi32.lib winspool.lib comdlg32.lib advapi32.lib shell32.lib ole32.lib oleaut32.lib uuid.lib odbc32.lib odbccp32.lib /MANIFEST /MANIFESTUAC:"level='asInvoker' uiAccess='false'" /manifest:embed /DEBUG /PDB:"E:\workspace\trunk\v39_97_2\src\build\Debug\GCoder.pdb" /TLBID:1 /DYNAMICBASE /NXCOMPAT /IMPLIB:"E:\workspace\trunk\v39_97_2\src\build\Debug\GCoder.lib" /MACHINE:X86 Debug\FileParser.obj
         Debug\main.obj
         Debug\Util.obj
         Debug\Value.obj
         Debug\ValueFactory.obj
         GCoder.vcxproj -> E:\workspace\trunk\v39_97_2\src\build\Debug\GCoder.exe
     1>Done Building Project "E:\workspace\trunk\v39_97_2\src\build\GCoder\GCoder.vcxproj" (Rebuild target(s)).

Build succeeded.

Time Elapsed 00:00:03.07
