Build started 2015/12/4 11:47:18.
     1>Project "F:\2345下载\goodCoder\goodCoder\goodCoder.vcxproj" on node 2 (Build target(s)).
     1>ClCompile:
         F:\Program Files (x86)\Microsoft Visual Studio 12.0\VC\bin\CL.exe /c /ZI /nologo /W3 /WX- /sdl /Od /Oy- /D WIN32 /D _DEBUG /D _CONSOLE /D _LIB /D _UNICODE /D UNICODE /Gm /EHsc /RTC1 /MDd /GS /fp:precise /Zc:wchar_t /Zc:forScope /Fo"Debug\\" /Fd"Debug\vc120.pdb" /Gd /TP /analyze- /errorReport:prompt FileParser.cpp FileParser.h goodCoder.cpp Util.cpp Value.cpp
         Value.cpp
         Util.cpp
         goodCoder.cpp
         FileParser.h
         FileParser.cpp
         Generating Code...
       Link:
         F:\Program Files (x86)\Microsoft Visual Studio 12.0\VC\bin\link.exe /ERRORREPORT:PROMPT /OUT:"F:\2345下载\goodCoder\Debug\goodCoder.exe" /INCREMENTAL /NOLOGO kernel32.lib user32.lib gdi32.lib winspool.lib comdlg32.lib advapi32.lib shell32.lib ole32.lib oleaut32.lib uuid.lib odbc32.lib odbccp32.lib /MANIFEST /MANIFESTUAC:"level='asInvoker' uiAccess='false'" /manifest:embed /DEBUG /PDB:"F:\2345下载\goodCoder\Debug\goodCoder.pdb" /SUBSYSTEM:CONSOLE /TLBID:1 /DYNAMICBASE /NXCOMPAT /IMPLIB:"F:\2345下载\goodCoder\Debug\goodCoder.lib" /MACHINE:X86 Debug\FileParser.obj
         Debug\FileParser.obj
         Debug\goodCoder.obj
         Debug\stdafx.obj
         Debug\Util.obj
         Debug\Value.obj
     1>Debug\FileParser.obj : warning LNK4042: object specified more than once; extras ignored
     1>goodCoder.obj : error LNK2019: unresolved external symbol "public: __thiscall Coder::FileParser::FileParser(class std::basic_string<wchar_t,struct std::char_traits<wchar_t>,class std::allocator<wchar_t> > const &)" (??0FileParser@Coder@@QAE@ABV?$basic_string@_WU?$char_traits@_W@std@@V?$allocator@_W@2@@std@@@Z) referenced in function _wmain
     1>goodCoder.obj : error LNK2019: unresolved external symbol "public: bool __thiscall Coder::FileParser::Parse(void)" (?Parse@FileParser@Coder@@QAE_NXZ) referenced in function _wmain
     1>F:\2345下载\goodCoder\Debug\goodCoder.exe : fatal error LNK1120: 2 unresolved externals
     1>Done Building Project "F:\2345下载\goodCoder\goodCoder\goodCoder.vcxproj" (Build target(s)) -- FAILED.

Build FAILED.

Time Elapsed 00:00:03.25
